
============================================================
2026-03-12 11:53:27
Traceback (most recent call last):
  File "C:\Program Files\WindowsApps\PythonSoftwareFoundation.Python.3.13_3.13.3312.0_x64__qbz5n2kfra8p0\Lib\tkinter\__init__.py", line 2079, in __call__
    return self.func(*args)
           ~~~~~~~~~^^^^^^^
  File "D:\Godwin\ptos\ptos_gui.pyw", line 557, in _run
    lines.append(self._fmt_item(item, start, end))
                 ~~~~~~~~~~~~~~^^^^^^^^^^^^^^^^^^
  File "D:\Godwin\ptos\ptos_gui.pyw", line 582, in _fmt_item
    val   = f"{(c1/c2)*100:.1f}%  ({c1}/{c2})" if c2 else "no data"
                ~~^~~
TypeError: unsupported operand type(s) for /: 'list' and 'list'


============================================================
2026-03-12 11:53:43
Traceback (most recent call last):
  File "C:\Program Files\WindowsApps\PythonSoftwareFoundation.Python.3.13_3.13.3312.0_x64__qbz5n2kfra8p0\Lib\tkinter\__init__.py", line 2079, in __call__
    return self.func(*args)
           ~~~~~~~~~^^^^^^^
  File "D:\Godwin\ptos\ptos_gui.pyw", line 559, in _run
    lines.append(self._fmt_item(q_name, start, end))
                 ~~~~~~~~~~~~~~^^^^^^^^^^^^^^^^^^^^
  File "D:\Godwin\ptos\ptos_gui.pyw", line 582, in _fmt_item
    val   = f"{(c1/c2)*100:.1f}%  ({c1}/{c2})" if c2 else "no data"
                ~~^~~
TypeError: unsupported operand type(s) for /: 'list' and 'list'


============================================================
2026-03-12 11:54:00
Traceback (most recent call last):
  File "C:\Program Files\WindowsApps\PythonSoftwareFoundation.Python.3.13_3.13.3312.0_x64__qbz5n2kfra8p0\Lib\tkinter\__init__.py", line 2079, in __call__
    return self.func(*args)
           ~~~~~~~~~^^^^^^^
  File "D:\Godwin\ptos\ptos_gui.pyw", line 559, in _run
    lines.append(self._fmt_item(q_name, start, end))
                 ~~~~~~~~~~~~~~^^^^^^^^^^^^^^^^^^^^
  File "D:\Godwin\ptos\ptos_gui.pyw", line 585, in _fmt_item
    val = ptos.fmt_avg(tot / cnt) if cnt else "no data"
                       ~~~~^~~~~
TypeError: unsupported operand type(s) for /: 'int' and 'list'


============================================================
2026-03-12 11:54:24
Traceback (most recent call last):
  File "C:\Program Files\WindowsApps\PythonSoftwareFoundation.Python.3.13_3.13.3312.0_x64__qbz5n2kfra8p0\Lib\tkinter\__init__.py", line 2079, in __call__
    return self.func(*args)
           ~~~~~~~~~^^^^^^^
  File "D:\Godwin\ptos\ptos_gui.pyw", line 557, in _run
    lines.append(self._fmt_item(item, start, end))
                 ~~~~~~~~~~~~~~^^^^^^^^^^^^^^^^^^
  File "D:\Godwin\ptos\ptos_gui.pyw", line 582, in _fmt_item
    val   = f"{(c1/c2)*100:.1f}%  ({c1}/{c2})" if c2 else "no data"
                ~~^~~
TypeError: unsupported operand type(s) for /: 'list' and 'list'


============================================================
2026-03-12 11:59:03
Traceback (most recent call last):
  File "C:\Program Files\WindowsApps\PythonSoftwareFoundation.Python.3.13_3.13.3312.0_x64__qbz5n2kfra8p0\Lib\tkinter\__init__.py", line 2079, in __call__
    return self.func(*args)
           ~~~~~~~~~^^^^^^^
  File "D:\Godwin\ptos\ptos_gui.pyw", line 559, in _run
    lines.append(self._fmt_item(q_name, start, end))
                 ~~~~~~~~~~~~~~^^^^^^^^^^^^^^^^^^^^
  File "D:\Godwin\ptos\ptos_gui.pyw", line 582, in _fmt_item
    val   = f"{(c1/c2)*100:.1f}%  ({c1}/{c2})" if c2 else "no data"
                ~~^~~
TypeError: unsupported operand type(s) for /: 'list' and 'list'


============================================================
2026-03-12 11:59:42
Traceback (most recent call last):
  File "C:\Program Files\WindowsApps\PythonSoftwareFoundation.Python.3.13_3.13.3312.0_x64__qbz5n2kfra8p0\Lib\tkinter\__init__.py", line 2079, in __call__
    return self.func(*args)
           ~~~~~~~~~^^^^^^^
  File "D:\Godwin\ptos\ptos_gui.pyw", line 559, in _run
    lines.append(self._fmt_item(q_name, start, end))
                 ~~~~~~~~~~~~~~^^^^^^^^^^^^^^^^^^^^
  File "D:\Godwin\ptos\ptos_gui.pyw", line 582, in _fmt_item
    val   = f"{(c1/c2)*100:.1f}%  ({c1}/{c2})" if c2 else "no data"
                ~~^~~
TypeError: unsupported operand type(s) for /: 'list' and 'list'

