2026-01-03 type=prescription client=AzeA30 name=abdul_azeez_a model=lumity_l30_rkit amount=83000 advance=10000 fit=binaural booked_by=cso source=marketing | some tax consultant
2026-01-10 type=assessment client=ChhN05 name=n_chandran source=mgm outcome=prescribed fit=binaural booked_by=cso | bought lumity l 50 rkit
2026-01-10 type=prescription client=ChhN05 name=n_chandran model=lumity_l30_rkit amount=98000 advance=98000 fit=binaural booked_by=cso source=mgm | his son doctor came from uk and bought aid for ailing father
2026-01-13 type=assessment client=VaA11 name=akhil_v_a source=mgm outcome=normal booked_by=cso | grandson of ramani kishore
2026-01-14 type=prescription client=MohPhi name=philip_mohan model=lumity_l50_rkit amount=122900 advance=59900 fit=binaural booked_by=cre source=marketing | came from singapore with singapore wife
2026-01-17 type=assessment client=vka7 name=thankam_p_k source=walkin outcome=prescribed fit=binaural booked_by=cso | bought nexia 4 binaural 1 lakh
2026-01-22 type=assessment client=NG029 name=gopinathan_n source=mgm outcome=deferred booked_by=cso
2026-01-31 type=assessment client=NairvG name=gangadharan_nair_v_p source=mgm outcome=deferred booked_by=cso | not interested said son , he is brother of our patient govindan nair
2026-02-05 type=expense domain=work category=courier amount=4749 tag=dtdc | dtdc courier bill for January 2026
2026-02-07 type=prescription client=vka7 name=thankam_p_k model=nexia_4_bte_r amount=95750 advance=95750 fit=binaural booked_by=cso source=walkin | was resound one binaural user for past 5 years
2026-02-14 type=assessment client=sobs_00 name=sobhalal_v_s source=mgm outcome=prescribed fit=binaural booked_by=cso | prescribed lumity l 30 rkit for 126900
2026-02-14 type=prescription client=sobs_00 name=sobhalal_v_s model=lumity_l30_rkit amount=126900 advance=126900 fit=binaural booked_by=cso source=mgm | australian model user, not working so purchased ours
2026-02-16 type=assessment client=aps03 name=subhagan_a_p source=ent outcome=deferred booked_by=cso | wants to use current aid due to financial difficulty
2026-02-16 type=expense amount=190 category=household domain=home tag=grocery tag=jayden | Apple 750g
2026-02-16 type=expense amount=28 category=household domain=home tag=grocery | Milk packet
2026-02-16 type=expense amount=32 category=staff_welfare domain=work tag=snacks | Tea and pakka vada at clinic
2026-02-16 type=expense amount=51 category=household domain=home tag=electronics tag=jayden | AA batteries
2026-02-16 type=expense amount=710 category=household domain=home tag=maintenance tag=ac | Room AC yearly service (Blue Star)
2026-02-16 type=expense amount=90 category=transport domain=self tag=bus tag=auto | Bus and auto to clinic
2026-02-17 type=expense amount=24 category=staff_welfare domain=work tag=snacks | Tea and pazham pori
2026-02-17 type=expense amount=32 category=staff_welfare domain=work tag=snacks | Coffee and Bombay samosa
2026-02-17 type=expense amount=444 category=child domain=home tag=jayden | LuvLap Supreme diapers (32 pieces, large)
2026-02-17 type=expense amount=90 category=transport domain=self tag=bus tag=auto | Bus and auto to clinic
2026-02-18 type=expense amount=144 category=education domain=self tag=books | The School of Life by Alain de Botton (Meesho)
2026-02-18 type=expense amount=158 category=medical domain=self tag=medicine | Refresh Liquigel eye drops
2026-02-18 type=expense amount=210 category=food domain=home tag=bakery | Items from Kalyan Bakery
2026-02-18 type=expense amount=30 category=food domain=home tag=restaurant | Tip
2026-02-18 type=expense amount=66 category=food domain=self tag=restaurant | 3 chappathi and peas curry
2026-02-18 type=expense amount=68 category=staff_welfare domain=work tag=snacks tag=vice | Tea, kinnathappam, soda lime and cigarette
2026-02-18 type=expense amount=71 category=staff_welfare domain=work tag=snacks | Tea, chicken puffs and egg puffs
2026-02-18 type=expense amount=90 category=transport domain=self tag=bus tag=auto | Bus and auto to clinic
2026-02-18 type=expense amount=98 category=admin domain=work tag=courier | Porter delivery for Serin Stephen
2026-02-19 type=assessment client=prl3 name=liffin_p_r source=walkin outcome=normal booked_by=cso
2026-02-19 type=expense amount=100 category=medical domain=home tag=medicine tag=jayden | Diclofenac pain balm and saline nasal drops
2026-02-19 type=expense amount=26 category=transport domain=work tag=bus | Bus to get stamp paper for rent agreement
2026-02-19 type=expense amount=332 category=medical domain=self tag=medicine | Mouthwash and antibiotics (Gautham ENT Medical Trust)
2026-02-19 type=expense amount=40 category=staff_welfare domain=work tag=snacks | Coffee and egg roll
2026-02-19 type=expense amount=90 category=transport domain=self tag=bus tag=auto | Bus and auto to clinic
2026-02-21 type=expense amount=1482 category=religious domain=home tag=velankanni | Mother Mary fiber statue
2026-02-21 type=expense amount=180 category=food domain=self tag=velankanni tag=jayden | 3 tender coconuts (₹60 each)
2026-02-21 type=expense amount=290 category=religious domain=home tag=velankanni | Candle stand
2026-02-21 type=expense amount=4500 category=household domain=home tag=lodge tag=velankanni | 3 AC bedrooms for 9 occupants (₹1500 each)
2026-02-22 type=expense amount=145 category=food domain=self tag=restaurant tag=velankanni | Juice, tea cake, puffs and coffee
2026-02-22 type=expense amount=206 category=transport domain=self tag=taxi tag=rapido | Rapido from Thykoodam to Palluruthy
2026-02-22 type=expense amount=95 category=food domain=self tag=restaurant tag=velankanni | Dosa and two vada
2026-02-23 type=expense amount=100 category=transport domain=home tag=mom tag=auto | Auto to and from Fatima Hospital (mom)
2026-02-23 type=expense amount=250 category=medical domain=home tag=hospital tag=mom | Doctor fee for mom's fever and cough (Fatima Hospital)
2026-02-24 type=expense amount=100 category=transport domain=work tag=bus tag=auto | Bus and auto to clinic and Marine Drive
2026-02-24 type=expense amount=1000 category=admin domain=work tag=legal | Two rent agreement stamp papers
2026-02-24 type=expense amount=138 category=food domain=home tag=restaurant | Two masala dosa and black tea (Hacco)
2026-02-24 type=expense amount=185 category=food domain=self tag=restaurant | Kabsa and fresh lime from Ojeen
2026-02-24 type=expense amount=300 category=education domain=self tag=books | Influence by Robert Cialdini (Blossom Book Shop)
2026-02-24 type=expense amount=32 category=staff_welfare domain=work tag=snacks tag=velankanni | Tea and cream bun
2026-02-24 type=expense amount=490 category=entertainment domain=self tag=liquor tag=vice | Two pegs and chicken 65 (including tip)
2026-02-25 type=expense amount=140 category=food domain=self tag=restaurant | Meals and two chaala fry
2026-02-25 type=expense amount=24 category=staff_welfare domain=work tag=snacks | Tea and pazham pori
2026-02-25 type=expense amount=30 category=food domain=home tag=snacks | 3 mulagu bajji
2026-02-25 type=expense amount=310 category=utilities domain=home tag=water | Water bill
2026-02-25 type=expense amount=320 category=admin domain=work tag=newspaper | Newspaper bill
2026-02-25 type=expense amount=8867 category=utilities domain=work tag=electricity | Electricity bill
2026-02-25 type=expense amount=90 category=food domain=home tag=fruits | 700 gm orange
2026-02-25 type=expense amount=90 category=transport domain=self tag=bus tag=auto | Bus and auto to clinic
2026-02-26 type=assessment client=austa1 name=austin_k_j source=marketing outcome=normal booked_by=cso | may come back due to wax in ear for retest
2026-02-26 type=assessment client=rozad1 name=dean_charles_rozario source=mgm outcome=deferred booked_by=cso | he wants emi in debit card, his wife bought nexia 4 binaural for 82k before , need same price, will buy before june as he will go to canada
2026-02-26 type=expense amount=170 category=food domain=home tag=snacks tag=thykoodam | 6 chicken samoosa and 2 bread pocket
2026-02-26 type=expense amount=50 category=staff_welfare domain=work tag=snacks | 2 boost and 1 cigarette
2026-02-26 type=expense amount=90 category=transport domain=self tag=bus tag=auto | Bus and auto to clinic
2026-02-27 type=expense amount=290 category=food domain=home tag=fruits tag=jayden | 900 gm orange, 500gm green grapes , 1 kg water melon for jayden
2026-02-27 type=expense amount=35 category=staff_welfare domain=work tag=snacks | 1 coffee and egg puffs
2026-02-27 type=expense amount=44 category=staff_welfare domain=work tag=snacks | 2 tea and pakkavada
2026-02-27 type=expense amount=90 category=transport domain=self tag=bus tag=auto | bus + auto to clinic
2026-02-28 type=assessment client=akhra07 name=akhil_raj source=mgm outcome=deferred booked_by=cso | palluruthy manus friend using monaural signia motion under warranty in one ear , not beneficial, will come with mother later
2026-02-28 type=expense amount=107 category=household domain=home tag=grocery | 500 ml sunflower oil aand dairy milk from zepto rs 88 for oil
2026-02-28 type=expense amount=140 category=food domain=home tag=snacks | 4 chicken roll from jaya bakery palarivattom
2026-02-28 type=expense amount=90 category=transport domain=self tag=auto tag=bus | auto + bus to clinic
2026-03-01 type=expense amount=115 category=child domain=home tag=haircut tag=jayden | for jayden
2026-03-01 type=expense amount=115 category=personal domain=self tag=haircut | for self
2026-03-01 type=expense amount=200 category=transport domain=home tag=petrol
2026-03-01 type=income source=salary amount=34983
2026-03-02 type=expense amount=32 category=staff_welfare domain=work tag=snacks | 1 tea and egg roll
2026-03-02 type=expense amount=90 category=transport domain=self tag=auto tag=bus | auto + bus to clinic
2026-03-03 type=expense amount=859 category=utilities domain=self tag=recharge | vi unlimited calls recharge 2 gb per day for 84 days
2026-03-03 type=expense amount=90 category=transport domain=self tag=auto tag=bus | auto + bus to clinic
2026-03-03 type=expense domain=home category=child amount=150 tag=toy tag=jayden | drawing slate from utsavam
2026-03-03 type=expense domain=work category=staff_welfare amount=24 tag=snacks | 1 tea and 1 ulli vada
2026-03-04 type=expense domain=home category=grocery amount=158 tag=fruits tag=jayden | 1 kg orange
2026-03-04 type=expense domain=home category=grocery amount=30 tag=snacks | mulagu bajji 3 nos
2026-03-04 type=expense domain=self category=transport amount=90 tag=auto tag=bus
2026-03-04 type=expense domain=work category=staff_welfare amount=39 tag=snacks | 2 tea and 1 egg bonda
2026-03-04 type=investment instrument=mutual_fund amount=2000 provider=motilal_oswald_mf tag=sip | groww app
2026-03-04 type=investment instrument=mutual_fund amount=5000 provider=hdfc_mf tag=sip | groww app
2026-03-04 type=investment instrument=rd amount=2000 provider=cordial_gramin | gpay to mini chechi upi
2026-03-05 type=expense domain=home category=grocery amount=140 tag=fruits | 700 gm black grapes
2026-03-05 type=expense domain=home category=utilities amount=470 tag=mom tag=recharge | 3 months vi unlimited  calls for 84 days
2026-03-05 type=expense domain=self category=transport amount=90 tag=auto tag=metro
2026-03-05 type=expense domain=work category=staff_welfare amount=32 tag=snacks | 1 tea and 1 chicken roll
2026-03-05 type=followup category=deferred client=KL0047 name=lalitha_k intent=assessment result=need_time | shine palluruthy said will bring her saturday
2026-03-05 type=followup category=deferred client=josg62 name=george_joseph intent=trial result=need_time | he needs super power bte , gave nexia power bte, need to get super power for trial
2026-03-05 type=followup category=deferred client=thajz1 name=zahira_thajudheen intent=decision result=need_time | her new ric has funfus with battery needs bte with exchange
2026-03-05 type=followup category=loyalty client=3E6kaS name=Sasidharan_Kartha intent=assessment result=need_time | lost one hearing aid, will call and come as busy
2026-03-05 type=followup category=loyalty client=parai3 name=ittoop_parakal intent=assessment result=not_interested | not using hearing aid, seems not interested, said will call us
2026-03-05 type=followup category=monaural client=menoc6 name=c_g_menon intent=assessment result=ringing | lost one side hearing aid, suggested iic for ear balance
2026-03-06 type=conversation relation=friend person=soumesh topic=borrow mood=supportive duration=13 outcome=pending | i told him that i many need 17k back for house maintenace gi sheet work area
2026-03-06 type=expense domain=home category=grocery amount=216 tag=quick_delivery tag=zepto | 400 gm bread and 400gm chocolate peanut butter
2026-03-06 type=expense domain=home category=religious amount=500 tag=charity | parish donation for house japthi
2026-03-06 type=expense domain=self category=food amount=170 tag=restaurant | chicken biryani and 2 kappalandi muttayi
2026-03-06 type=expense domain=self category=transport amount=90 tag=auto tag=bus
2026-03-06 type=expense domain=work category=staff_welfare amount=42 tag=snacks | 1 coffee and 1 pathiri
2026-03-06 type=expense domain=work category=staff_welfare amount=60 tag=snacks | qualiflower fry
2026-03-06 type=followup category=deferred client=F04PAS name=sreedharan_parambath intent=assessment result=need_time | not much interested but takes call and says will come
2026-03-06 type=followup category=monaural client=balahe name=helju_balan intent=assessment result=need_time | monaural loss wants hearing further checkup to know hole in membrane
2026-03-07 type=assessment client=thajz1 name=zahira_thajudheen source=ent outcome=deferred booked_by=cso tag=aid | dont like terra ric hearing aid with battery leakage, wants bte, pitched 17.5k resound key 188
2026-03-07 type=expense domain=home category=household amount=120 tag=bakery tag=snacks | 1 egg puff 1 chicken puff 2 chicken cutlet 2 chicken roll
2026-03-07 type=expense domain=self category=transport amount=90 tag=auto tag=bus
2026-03-07 type=expense domain=work category=postage amount=103 tag=porter | porter  pro link for dr paul jayan cic frm palarivattom
2026-03-08 type=expense domain=home category=household amount=72 tag=restaurant tag=snacks | 2 dosa , 1 tea and 3 vada from new coffee house
2026-03-09 type=expense domain=home category=grocery amount=245 tag=fruits | 1 kg orange rs 14, 500 gm plantin, 500 gm green grapes rs 60
2026-03-09 type=expense domain=self category=transport amount=90 tag=auto tag=bus
2026-03-09 type=expense domain=work category=staff_welfare tag=snacks amount=42 | 1 tea and 1 chicken roll
2026-03-09 type=followup category=new client=aiz name=aiza_grandfather intent=assessment result=out_of_station tag=aid | aizas father said he is Out of Station, will come next week, pitched upto 50% discount for financial year end
2026-03-09 type=followup category=new client=sabu name=sabu_coraz intent=assessment result=not_interested tag=aid | he was interested before now not much pithced cic for 33k for his father sabu coraz travels muvattuppuzha
2026-03-10 type=expense domain=home category=child amount=800 tag=maid | 2 days salary th this week
2026-03-10 type=expense domain=home category=medical tag=medicine tag=mom amount=395 | 2 weeks pressure medicine
2026-03-10 type=expense domain=self category=transport amount=90 tag=auto tag=bus
2026-03-10 type=expense domain=work category=staff_welfare tag=snacks amount=24 | 1 tea and pazham pori
2026-03-10 type=followup client=KamR_S name=R_Suresh_Kamath category=deferred intent=assessment result=out_of_station | Out of Station, will come after 2 weeks, need to call
2026-03-10 type=followup client=KruriV name=Deena_Correya category=loyalty intent=trial result=need_time | will call and come next week
2026-03-11 type=assessment client=AaJ18 name=A_A_Joseph source=outreach outcome=deferred booked_by=cso | monaural patient with other ear unaidable , tested in palarivattom
2026-03-11 type=expense domain=self category=transport amount=90 tag=auto tag=bus
2026-03-11 type=expense domain=work category=postage amount=127 tag=porter | prolink and head for paul jayan
2026-03-11 type=expense domain=work category=staff_welfare tag=snacks amount=12 | tea
2026-03-11 type=expense domain=work category=staff_welfare tag=snacks amount=24 | 2 tea
2026-03-11 type=expense domain=work category=staff_welfare tag=snacks amount=30 | 3 mulagu bajji
2026-03-11 type=followup client=AskS name=Shafeek_A_S_K category=deferred intent=assessment result=need_time | will come after ramadan this month, need to call after 21st of this month
2026-03-11 type=followup client=GEOM53 name=Leelamma_GEORGE category=loyalty intent=assessment result=need_time tag=home_visit | using our hearing aid, need home visit, will call
2026-03-12 type=expense domain=self category=transport amount=90 tag=auto tag=bus | to work
2026-03-12 type=expense domain=home category=grocery amount=180 tag=fruits | mango 1 kg bangarapally
2026-03-12 type=expense domain=work category=staff_welfare tag=snacks amount=44 | 1 tea and 1  cigarette for amar
2026-03-12 type=expense domain=home category=household tag=snacks amount=30 | 3 mulagu bajji
2026-03-13 type=expense domain=self category=transport amount=90 tag=auto tag=bus
2026-03-13 type=assessment client=6ACPaS name=Shyamala_Panikkar source=marketing outcome=deferred booked_by=cso | son came from australia after march 8th, warranty just over, aid tuned working fine
2026-03-13 type=expense domain=work category=staff_welfare tag=snacks amount=30 | 2 lime juice
2026-03-13 type=expense domain=self category=food amount=150 tag=restaurant | chicken biryani
2026-03-13 type=expense domain=self category=food amount=290 tag=quick_delivery tag=swiggy_instamart | amul dark chocolate and unibic vanilla cake
